<?xml version="1.0" encoding="UTF-8"?>
<!-- Generated by org.testng.reporters.JUnitReportReporter -->
<testsuite hostname="SammyJ-Lptp" failures="0" tests="1" name="theInternet.TheInternetTest" time="11.068" errors="0" timestamp="2020-12-08T13:30:34 EST" skipped="0">
  <testcase classname="theInternet.TheInternetTest" name="f" time="11.068"/>
  <system-out/>
</testsuite> <!-- theInternet.TheInternetTest -->
