<?xml version="1.0" encoding="UTF-8"?>
<!-- Generated by org.testng.reporters.JUnitReportReporter -->
<testsuite hostname="SammyJ-Lptp" failures="0" tests="1" name="theInternet.Checkboxes" time="5.468" errors="0" timestamp="2020-12-02T17:54:58 EST" skipped="0">
  <testcase classname="theInternet.Checkboxes" name="canUnCheck" time="5.468"/>
  <system-out/>
</testsuite> <!-- theInternet.Checkboxes -->
