<?xml version="1.0" encoding="UTF-8"?>
<!-- Generated by org.testng.reporters.JUnitReportReporter -->
<testsuite hostname="SammyJ-Lptp" failures="0" tests="1" name="theInternet.TheInternetTest" time="13.306" errors="0" timestamp="2020-12-08T15:56:33 EST" skipped="0">
  <testcase classname="theInternet.TheInternetTest" name="demoqaSite" time="13.306"/>
  <system-out/>
</testsuite> <!-- theInternet.TheInternetTest -->
