<?xml version="1.0" encoding="UTF-8"?>
<!-- Generated by org.testng.reporters.JUnitReportReporter -->
<testsuite hostname="SammyJ-Lptp" failures="0" tests="1" name="restAssured.getData" time="3.076" errors="0" timestamp="2020-12-07T12:37:36 EST" skipped="0">
  <testcase classname="restAssured.getData" name="canDeserializeSingleUser" time="3.076"/>
  <system-out/>
</testsuite> <!-- restAssured.getData -->
