<?xml version="1.0" encoding="UTF-8"?>
<!-- Generated by org.testng.reporters.JUnitReportReporter -->
<testsuite hostname="SammyJ-Lptp" failures="0" tests="1" name="sqlProject.sqlTests" time="0.941" errors="0" timestamp="2020-12-06T15:40:36 EST" skipped="0">
  <testcase classname="sqlProject.sqlTests" name="connect2" time="0.941"/>
  <system-out/>
</testsuite> <!-- sqlProject.sqlTests -->
