<?xml version="1.0" encoding="UTF-8"?>
<!-- Generated by org.testng.reporters.JUnitReportReporter -->
<testsuite hostname="SammyJ-Lptp" failures="0" tests="1" name="theInternet.TheInternetTest" time="10.131" errors="0" timestamp="2020-12-08T13:37:21 EST" skipped="0">
  <testcase classname="theInternet.TheInternetTest" name="demoqaSite" time="10.131"/>
  <system-out/>
</testsuite> <!-- theInternet.TheInternetTest -->
