<?xml version="1.0" encoding="UTF-8"?>
<!-- Generated by org.testng.reporters.JUnitReportReporter -->
<testsuite hostname="SammyJ-Lptp" failures="0" tests="3" name="datadriven.ExcelDataProvider" time="0.014" errors="0" timestamp="2020-12-08T16:08:50 EST" skipped="0">
  <testcase classname="datadriven.ExcelDataProvider" name="setData" time="0.010"/>
  <system-out/>
  <testcase classname="datadriven.ExcelDataProvider" name="setData" time="0.001"/>
  <system-out/>
  <testcase classname="datadriven.ExcelDataProvider" name="setData" time="0.003"/>
  <system-out/>
</testsuite> <!-- datadriven.ExcelDataProvider -->
